{"C:\\Users\\Natália\\OneDrive\\Desktop\\blog-api\\src\\app.js": {"path":"C:\\Users\\Natália\\OneDrive\\Desktop\\blog-api\\src\\app.js","statementMap":{"0":{"start":{"line":1,"column":16},"end":{"line":1,"column":34}},"1":{"start":{"line":3,"column":12},"end":{"line":3,"column":21}},"2":{"start":{"line":5,"column":0},"end":{"line":5,"column":32}},"3":{"start":{"line":7,"column":19},"end":{"line":7,"column":49}},"4":{"start":{"line":9,"column":0},"end":{"line":9,"column":24}},"5":{"start":{"line":11,"column":0},"end":{"line":11,"column":25}},"6":{"start":{"line":13,"column":0},"end":{"line":15,"column":3}},"7":{"start":{"line":14,"column":4},"end":{"line":14,"column":44}},"8":{"start":{"line":17,"column":0},"end":{"line":19,"column":3}},"9":{"start":{"line":18,"column":4},"end":{"line":18,"column":25}},"10":{"start":{"line":21,"column":0},"end":{"line":21,"column":21}}},"fnMap":{"0":{"name":"(anonymous_0)","decl":{"start":{"line":13,"column":13},"end":{"line":13,"column":14}},"loc":{"start":{"line":13,"column":27},"end":{"line":15,"column":1}},"line":13},"1":{"name":"(anonymous_1)","decl":{"start":{"line":17,"column":18},"end":{"line":17,"column":19}},"loc":{"start":{"line":17,"column":32},"end":{"line":19,"column":1}},"line":17}},"branchMap":{},"s":{"0":1,"1":1,"2":1,"3":1,"4":1,"5":1,"6":1,"7":0,"8":1,"9":0,"10":1},"f":{"0":0,"1":0},"b":{},"_coverageSchema":"1a1c01bbd47fc00a2c39e90264f33305004495a9","hash":"44ad6268d24bca595a166f421e4b8fa9c11ecda4"}
,"C:\\Users\\Natália\\OneDrive\\Desktop\\blog-api\\src\\controllers\\postController.js": {"path":"C:\\Users\\Natália\\OneDrive\\Desktop\\blog-api\\src\\controllers\\postController.js","statementMap":{"0":{"start":{"line":1,"column":13},"end":{"line":1,"column":38}},"1":{"start":{"line":3,"column":20},"end":{"line":19,"column":1}},"2":{"start":{"line":5,"column":4},"end":{"line":17,"column":5}},"3":{"start":{"line":7,"column":22},"end":{"line":7,"column":39}},"4":{"start":{"line":9,"column":8},"end":{"line":9,"column":24}},"5":{"start":{"line":13,"column":8},"end":{"line":15,"column":11}},"6":{"start":{"line":22,"column":18},"end":{"line":43,"column":1}},"7":{"start":{"line":24,"column":4},"end":{"line":41,"column":5}},"8":{"start":{"line":26,"column":25},"end":{"line":30,"column":10}},"9":{"start":{"line":32,"column":8},"end":{"line":32,"column":39}},"10":{"start":{"line":36,"column":8},"end":{"line":39,"column":11}},"11":{"start":{"line":45,"column":19},"end":{"line":70,"column":1}},"12":{"start":{"line":47,"column":4},"end":{"line":68,"column":5}},"13":{"start":{"line":49,"column":21},"end":{"line":49,"column":55}},"14":{"start":{"line":52,"column":8},"end":{"line":56,"column":9}},"15":{"start":{"line":53,"column":12},"end":{"line":55,"column":15}},"16":{"start":{"line":59,"column":8},"end":{"line":59,"column":23}},"17":{"start":{"line":64,"column":8},"end":{"line":66,"column":11}},"18":{"start":{"line":72,"column":23},"end":{"line":118,"column":1}},"19":{"start":{"line":74,"column":4},"end":{"line":116,"column":5}},"20":{"start":{"line":76,"column":22},"end":{"line":76,"column":37}},"21":{"start":{"line":79,"column":8},"end":{"line":83,"column":9}},"22":{"start":{"line":80,"column":12},"end":{"line":82,"column":15}},"23":{"start":{"line":86,"column":22},"end":{"line":101,"column":10}},"24":{"start":{"line":104,"column":8},"end":{"line":104,"column":24}},"25":{"start":{"line":109,"column":8},"end":{"line":109,"column":26}},"26":{"start":{"line":111,"column":8},"end":{"line":114,"column":11}},"27":{"start":{"line":120,"column":22},"end":{"line":157,"column":1}},"28":{"start":{"line":122,"column":4},"end":{"line":156,"column":1}},"29":{"start":{"line":124,"column":31},"end":{"line":134,"column":9}},"30":{"start":{"line":137,"column":8},"end":{"line":141,"column":9}},"31":{"start":{"line":138,"column":12},"end":{"line":140,"column":15}},"32":{"start":{"line":144,"column":8},"end":{"line":144,"column":33}},"33":{"start":{"line":149,"column":4},"end":{"line":149,"column":22}},"34":{"start":{"line":151,"column":4},"end":{"line":154,"column":7}},"35":{"start":{"line":159,"column":20},"end":{"line":187,"column":1}},"36":{"start":{"line":161,"column":4},"end":{"line":185,"column":5}},"37":{"start":{"line":163,"column":29},"end":{"line":163,"column":72}},"38":{"start":{"line":166,"column":8},"end":{"line":170,"column":9}},"39":{"start":{"line":167,"column":12},"end":{"line":169,"column":15}},"40":{"start":{"line":173,"column":8},"end":{"line":175,"column":11}},"41":{"start":{"line":180,"column":8},"end":{"line":183,"column":11}},"42":{"start":{"line":189,"column":0},"end":{"line":196,"column":2}}},"fnMap":{"0":{"name":"(anonymous_0)","decl":{"start":{"line":3,"column":20},"end":{"line":3,"column":21}},"loc":{"start":{"line":3,"column":40},"end":{"line":19,"column":1}},"line":3},"1":{"name":"(anonymous_1)","decl":{"start":{"line":22,"column":18},"end":{"line":22,"column":19}},"loc":{"start":{"line":22,"column":38},"end":{"line":43,"column":1}},"line":22},"2":{"name":"(anonymous_2)","decl":{"start":{"line":45,"column":19},"end":{"line":45,"column":20}},"loc":{"start":{"line":45,"column":39},"end":{"line":70,"column":1}},"line":45},"3":{"name":"(anonymous_3)","decl":{"start":{"line":72,"column":23},"end":{"line":72,"column":24}},"loc":{"start":{"line":72,"column":43},"end":{"line":118,"column":1}},"line":72},"4":{"name":"(anonymous_4)","decl":{"start":{"line":120,"column":22},"end":{"line":120,"column":23}},"loc":{"start":{"line":120,"column":42},"end":{"line":157,"column":1}},"line":120},"5":{"name":"(anonymous_5)","decl":{"start":{"line":159,"column":20},"end":{"line":159,"column":21}},"loc":{"start":{"line":159,"column":40},"end":{"line":187,"column":1}},"line":159}},"branchMap":{"0":{"loc":{"start":{"line":52,"column":8},"end":{"line":56,"column":9}},"type":"if","locations":[{"start":{"line":52,"column":8},"end":{"line":56,"column":9}},{"start":{},"end":{}}],"line":52},"1":{"loc":{"start":{"line":79,"column":8},"end":{"line":83,"column":9}},"type":"if","locations":[{"start":{"line":79,"column":8},"end":{"line":83,"column":9}},{"start":{},"end":{}}],"line":79},"2":{"loc":{"start":{"line":137,"column":8},"end":{"line":141,"column":9}},"type":"if","locations":[{"start":{"line":137,"column":8},"end":{"line":141,"column":9}},{"start":{},"end":{}}],"line":137},"3":{"loc":{"start":{"line":166,"column":8},"end":{"line":170,"column":9}},"type":"if","locations":[{"start":{"line":166,"column":8},"end":{"line":170,"column":9}},{"start":{},"end":{}}],"line":166}},"s":{"0":1,"1":1,"2":1,"3":1,"4":1,"5":0,"6":1,"7":1,"8":1,"9":1,"10":0,"11":1,"12":1,"13":1,"14":1,"15":0,"16":1,"17":0,"18":1,"19":0,"20":0,"21":0,"22":0,"23":0,"24":0,"25":0,"26":0,"27":1,"28":0,"29":0,"30":0,"31":0,"32":0,"33":0,"34":0,"35":1,"36":1,"37":1,"38":1,"39":0,"40":1,"41":0,"42":1},"f":{"0":1,"1":1,"2":1,"3":0,"4":0,"5":1},"b":{"0":[0,1],"1":[0,0],"2":[0,0],"3":[0,1]},"_coverageSchema":"1a1c01bbd47fc00a2c39e90264f33305004495a9","hash":"fdd03f8f29655817dd40a71d74dfa096d43326b4"}
,"C:\\Users\\Natália\\OneDrive\\Desktop\\blog-api\\src\\models\\Post.js": {"path":"C:\\Users\\Natália\\OneDrive\\Desktop\\blog-api\\src\\models\\Post.js","statementMap":{"0":{"start":{"line":1,"column":17},"end":{"line":1,"column":36}},"1":{"start":{"line":3,"column":19},"end":{"line":22,"column":2}},"2":{"start":{"line":25,"column":0},"end":{"line":25,"column":52}}},"fnMap":{},"branchMap":{},"s":{"0":1,"1":1,"2":1},"f":{},"b":{},"_coverageSchema":"1a1c01bbd47fc00a2c39e90264f33305004495a9","hash":"68daa4869febf89090eff2d0c3d683e96bcffe35"}
,"C:\\Users\\Natália\\OneDrive\\Desktop\\blog-api\\src\\routes\\postRoutes.js": {"path":"C:\\Users\\Natália\\OneDrive\\Desktop\\blog-api\\src\\routes\\postRoutes.js","statementMap":{"0":{"start":{"line":1,"column":16},"end":{"line":1,"column":34}},"1":{"start":{"line":3,"column":15},"end":{"line":3,"column":31}},"2":{"start":{"line":12,"column":4},"end":{"line":12,"column":44}},"3":{"start":{"line":14,"column":0},"end":{"line":14,"column":32}},"4":{"start":{"line":16,"column":0},"end":{"line":16,"column":34}},"5":{"start":{"line":18,"column":0},"end":{"line":18,"column":44}},"6":{"start":{"line":20,"column":0},"end":{"line":20,"column":33}},"7":{"start":{"line":22,"column":0},"end":{"line":22,"column":37}},"8":{"start":{"line":24,"column":0},"end":{"line":24,"column":40}},"9":{"start":{"line":26,"column":0},"end":{"line":26,"column":41}},"10":{"start":{"line":28,"column":0},"end":{"line":28,"column":24}}},"fnMap":{},"branchMap":{},"s":{"0":1,"1":1,"2":1,"3":1,"4":1,"5":1,"6":1,"7":1,"8":1,"9":1,"10":1},"f":{},"b":{},"_coverageSchema":"1a1c01bbd47fc00a2c39e90264f33305004495a9","hash":"4e6c121325c842269f336dcb830e461de6cb16eb"}
}
