TN:
SF:src\app.js
FN:13,(anonymous_0)
FN:17,(anonymous_1)
FNF:2
FNH:0
FNDA:0,(anonymous_0)
FNDA:0,(anonymous_1)
DA:1,1
DA:3,1
DA:5,1
DA:7,1
DA:9,1
DA:11,1
DA:13,1
DA:14,0
DA:17,1
DA:18,0
DA:21,1
LF:11
LH:9
BRF:0
BRH:0
end_of_record
TN:
SF:src\controllers\postController.js
FN:3,(anonymous_0)
FN:22,(anonymous_1)
FN:45,(anonymous_2)
FN:72,(anonymous_3)
FN:120,(anonymous_4)
FN:159,(anonymous_5)
FNF:6
FNH:4
FNDA:1,(anonymous_0)
FNDA:1,(anonymous_1)
FNDA:1,(anonymous_2)
FNDA:0,(anonymous_3)
FNDA:0,(anonymous_4)
FNDA:1,(anonymous_5)
DA:1,1
DA:3,1
DA:5,1
DA:7,1
DA:9,1
DA:13,0
DA:22,1
DA:24,1
DA:26,1
DA:32,1
DA:36,0
DA:45,1
DA:47,1
DA:49,1
DA:52,1
DA:53,0
DA:59,1
DA:64,0
DA:72,1
DA:74,0
DA:76,0
DA:79,0
DA:80,0
DA:86,0
DA:104,0
DA:109,0
DA:111,0
DA:120,1
DA:122,0
DA:124,0
DA:137,0
DA:138,0
DA:144,0
DA:149,0
DA:151,0
DA:159,1
DA:161,1
DA:163,1
DA:166,1
DA:167,0
DA:173,1
DA:180,0
DA:189,1
LF:43
LH:22
BRDA:52,0,0,0
BRDA:52,0,1,1
BRDA:79,1,0,0
BRDA:79,1,1,0
BRDA:137,2,0,0
BRDA:137,2,1,0
BRDA:166,3,0,0
BRDA:166,3,1,1
BRF:8
BRH:2
end_of_record
TN:
SF:src\models\Post.js
FNF:0
FNH:0
DA:1,1
DA:3,1
DA:25,1
LF:3
LH:3
BRF:0
BRH:0
end_of_record
TN:
SF:src\routes\postRoutes.js
FNF:0
FNH:0
DA:1,1
DA:3,1
DA:12,1
DA:14,1
DA:16,1
DA:18,1
DA:20,1
DA:22,1
DA:24,1
DA:26,1
DA:28,1
LF:11
LH:11
BRF:0
BRH:0
end_of_record
